<?xml version="1.0" encoding="UTF-8"?>
<!-- Generated by org.testng.reporters.JUnitReportReporter -->
<testsuite hostname="Lenovo_Yoga" failures="0" tests="7" name="com.appium.taining.ecommerce.EcommerceTest" time="25.585" errors="0" timestamp="2025-03-11T14:17:14 IST" skipped="3">
  <testcase classname="com.appium.taining.ecommerce.EcommerceTest" name="fillForm" time="9.723"/>
  <testcase classname="com.appium.taining.ecommerce.EcommerceTest" name="verifyCartTotal" time="5.536"/>
  <testcase classname="com.appium.taining.ecommerce.EcommerceTest" name="termsAndConditions" time="5.031"/>
  <testcase classname="com.appium.taining.ecommerce.EcommerceTest" name="webViewOperations" time="5.295"/>
  <testcase classname="com.appium.taining.ecommerce.EcommerceTest" name="addToCart">
    <skipped/>
  </testcase> <!-- addToCart -->
  <testcase classname="com.appium.taining.ecommerce.EcommerceTest" name="verifyErrorMessage">
    <skipped/>
  </testcase> <!-- verifyErrorMessage -->
  <testcase classname="com.appium.taining.ecommerce.EcommerceTest" name="verifyCart">
    <skipped/>
  </testcase> <!-- verifyCart -->
</testsuite> <!-- com.appium.taining.ecommerce.EcommerceTest -->
