<?xml version="1.0" encoding="UTF-8"?>
<!-- Generated by org.testng.reporters.JUnitReportReporter -->
<testsuite hostname="Lenovo_Yoga" failures="0" tests="3" name="com.example.TeatNGExample" time="0.017" errors="0" timestamp="2025-03-07T20:54:33 IST" skipped="0">
  <testcase classname="com.example.TeatNGExample" name="addNumbers" time="0.012"/>
  <testcase classname="com.example.TeatNGExample" name="subtractNumbers" time="0.002"/>
  <testcase classname="com.example.TeatNGExample" name="addNumbers" time="0.003"/>
</testsuite> <!-- com.example.TeatNGExample -->
